<?xml version="1.0" encoding="UTF-8"?>
<testng-results ignored="0" total="1" passed="1" failed="0" skipped="0">
  <reporter-output>
  </reporter-output>
  <suite started-at="2021-10-09T17:51:10 IST" name="Surefire suite" finished-at="2021-10-09T17:51:10 IST" duration-ms="93">
    <groups>
    </groups>
    <test started-at="2021-10-09T17:51:10 IST" name="Surefire test" finished-at="2021-10-09T17:51:10 IST" duration-ms="93">
      <class name="Guru99.Guru99Bank.AppTest">
        <test-method signature="shouldAnswerWithTrue()" started-at="2021-10-09T17:51:10 IST" name="shouldAnswerWithTrue" finished-at="2021-10-09T17:51:10 IST" duration-ms="8" status="PASS">
          <reporter-output>
          </reporter-output>
        </test-method> <!-- shouldAnswerWithTrue -->
      </class> <!-- Guru99.Guru99Bank.AppTest -->
    </test> <!-- Surefire test -->
  </suite> <!-- Surefire suite -->
</testng-results>
