<?xml version="1.0" encoding="UTF-8"?>
<!-- Generated by org.testng.reporters.JUnitXMLReporter -->
<testsuite ignored="3" hostname="HYD2-5CG6180PBB" failures="1" tests="5" name="Car Loan" time="0.046" errors="0" timestamp="2021-07-11T18:14:40 IST">
  <testcase classname="TestNG.Start3" name="webLoginCarLoan" time="0.002"/>
  <testcase classname="TestNG.Start3" name="signInCarLoan" time="0.003"/>
  <testcase classname="TestNG.Start3" name="signInCarLoan" time="0.004"/>
  <testcase classname="TestNG.Start3" name="signInCarLoan" time="0.002"/>
  <testcase classname="TestNG.Start3" name="APICarLoan" time="0.002">
    <failure type="java.lang.AssertionError" message="expected [true] but found [false]">
      <![CDATA[java.lang.AssertionError: expected [true] but found [false]
at TestNG.Start3.APICarLoan(Start3.java:64)
at java.base/java.util.ArrayList.forEach(ArrayList.java:1507)
... Removed 31 stack frames]]>
    </failure>
  </testcase> <!-- APICarLoan -->
  <testcase classname="TestNG.Start3" name="mobileAmountCarLoan" time="0.0">
    <ignored/>
  </testcase> <!-- mobileAmountCarLoan -->
  <testcase classname="TestNG.Start3" name="mobileLogOutCarLoan" time="0.0">
    <ignored/>
  </testcase> <!-- mobileLogOutCarLoan -->
  <testcase classname="TestNG.Start3" name="mobileLoginCarLoan" time="0.0">
    <ignored/>
  </testcase> <!-- mobileLoginCarLoan -->
</testsuite> <!-- Car Loan -->
