<?xml version="1.0" encoding="UTF-8"?>
<!-- Generated by org.testng.reporters.JUnitXMLReporter -->
<testsuite ignored="0" hostname="HYD2-5CG6180PBB" failures="1" tests="6" name="Personal Loan" time="0.145" errors="0" timestamp="2021-07-11T18:14:40 IST">
  <testcase classname="TestNG.Start" name="base" time="0.011"/>
  <testcase classname="TestNG.Start" name="demo" time="0.003"/>
  <testcase classname="TestNG.Start2" name="starter" time="0.009">
    <failure type="java.lang.AssertionError" message="expected [true] but found [false]">
      <![CDATA[java.lang.AssertionError: expected [true] but found [false]
at TestNG.Start2.starter(Start2.java:19)
at java.base/java.util.ArrayList.forEach(ArrayList.java:1507)
... Removed 31 stack frames]]>
    </failure>
  </testcase> <!-- starter -->
  <testcase classname="TestNG.Start4" name="LoginAPIHomeLoan" time="0.002"/>
  <testcase classname="TestNG.Start4" name="mobileLoginHomeLoan" time="0.003"/>
  <testcase classname="TestNG.Start4" name="webLoginHomeLoan" time="0.004"/>
</testsuite> <!-- Personal Loan -->
