<?xml version="1.0" encoding="UTF-8"?>
<testng-results ignored="0" total="1" passed="1" failed="0" skipped="0">
  <reporter-output>
  </reporter-output>
  <suite started-at="2021-07-18T18:56:15 IST" name="Default suite" finished-at="2021-07-18T18:56:33 IST" duration-ms="17854">
    <groups>
    </groups>
    <test started-at="2021-07-18T18:56:15 IST" name="Default test" finished-at="2021-07-18T18:56:33 IST" duration-ms="17854">
      <class name="qaclickacademy.ExtentReport.ExtentReportDemo">
        <test-method is-config="true" signature="config()[pri:0, instance:qaclickacademy.ExtentReport.ExtentReportDemo@5be6e01c]" started-at="2021-07-18T18:56:15 IST" name="config" finished-at="2021-07-18T18:56:15 IST" duration-ms="456" status="PASS">
          <reporter-output>
          </reporter-output>
        </test-method> <!-- config -->
        <test-method signature="initialDemo()[pri:0, instance:qaclickacademy.ExtentReport.ExtentReportDemo@5be6e01c]" started-at="2021-07-18T18:56:15 IST" name="initialDemo" finished-at="2021-07-18T18:56:33 IST" duration-ms="17345" status="PASS">
          <reporter-output>
          </reporter-output>
        </test-method> <!-- initialDemo -->
      </class> <!-- qaclickacademy.ExtentReport.ExtentReportDemo -->
    </test> <!-- Default test -->
  </suite> <!-- Default suite -->
</testng-results>
