<?xml version="1.0" encoding="UTF-8"?>
<testng-results ignored="0" total="1" passed="1" failed="0" skipped="0">
  <reporter-output>
  </reporter-output>
  <suite started-at="2021-06-13T23:49:37 IST" name="Default suite" finished-at="2021-06-13T23:49:37 IST" duration-ms="68">
    <groups>
    </groups>
    <test started-at="2021-06-13T23:49:37 IST" name="Default test" finished-at="2021-06-13T23:49:37 IST" duration-ms="68">
      <class name="javaStream.Test1">
        <test-method signature="streamMap()[pri:0, instance:javaStream.Test1@71c8becc]" started-at="2021-06-13T23:49:37 IST" name="streamMap" finished-at="2021-06-13T23:49:37 IST" duration-ms="17" status="PASS">
          <reporter-output>
          </reporter-output>
        </test-method> <!-- streamMap -->
      </class> <!-- javaStream.Test1 -->
    </test> <!-- Default test -->
  </suite> <!-- Default suite -->
</testng-results>
