<?xml version="1.0" encoding="UTF-8"?>
<!-- Generated by org.testng.reporters.JUnitXMLReporter -->
<testsuite ignored="0" hostname="HYD2-5CG6180PBB" failures="0" tests="4" name="Test" time="55.23" errors="0" timestamp="2021-10-16T19:50:30 IST">
  <testcase classname="Guru99.Guru99Bank.LoginTest" name="verifyLogin" time="16.524"/>
  <testcase classname="Guru99.Guru99Bank.LoginTest" name="verifyLogin" time="10.985"/>
  <testcase classname="Guru99.Guru99Bank.LoginTest" name="verifyLogin" time="10.209"/>
  <testcase classname="Guru99.Guru99Bank.LoginTest" name="verifyLogin" time="11.227"/>
</testsuite> <!-- Test -->
