<?xml version="1.0" encoding="UTF-8"?>
<!-- Generated by org.testng.reporters.JUnitXMLReporter -->
<testsuite ignored="0" hostname="HYD2-5CG6180PBB" failures="1" tests="1" name="Surefire test" time="22.387" errors="0" timestamp="2021-10-17T01:12:22 IST">
  <testcase classname="guru99.Ecommerce.Day1Test" name="testcase1" time="0.016">
    <failure type="java.lang.AssertionError" message="expected [THIS IS DEMO SITE] but found [Home page]">
      <![CDATA[java.lang.AssertionError: expected [THIS IS DEMO SITE] but found [Home page]
at guru99.Ecommerce.Day1Test.testcase1(Day1Test.java:46)
at java.base/java.util.ArrayList.forEach(ArrayList.java:1507)
... Removed 37 stack frames]]>
    </failure>
  </testcase> <!-- testcase1 -->
</testsuite> <!-- Surefire test -->
