<?xml version="1.0" encoding="UTF-8"?>
<!-- Generated by org.testng.reporters.JUnitXMLReporter -->
<testsuite ignored="0" hostname="HYD2-5CG6180PBB" failures="0" tests="6" name="Command line test" time="0.092" errors="0" timestamp="2021-07-17T20:09:13 IST">
  <testcase classname="qaclickacademy.Mavenjava.AppiumTest" name="androidApps" time="0.008"/>
  <testcase classname="qaclickacademy.Mavenjava.AppiumTest" name="iosApps" time="0.001"/>
  <testcase classname="qaclickacademy.Mavenjava.RestAPITest" name="deleteTwitter" time="0.001"/>
  <testcase classname="qaclickacademy.Mavenjava.RestAPITest" name="postJira" time="0.002"/>
  <testcase classname="qaclickacademy.Mavenjava.SeleniumTest" name="browserAutomation" time="0.0"/>
  <testcase classname="qaclickacademy.Mavenjava.SeleniumTest" name="element" time="0.001"/>
</testsuite> <!-- Command line test -->
