<?xml version="1.0" encoding="UTF-8"?>
<testng-results ignored="0" total="1" passed="1" failed="0" skipped="0">
  <reporter-output>
  </reporter-output>
  <suite started-at="2021-10-03T17:16:29 IST" name="Suite" finished-at="2021-10-03T17:17:07 IST" duration-ms="38135">
    <groups>
      <group name="cucumber">
        <method signature="AbstractTestNGCucumberTests.feature(cucumber.api.testng.CucumberFeatureWrapper)[pri:0, instance:cucumberOptions.TestRunner@4c60d6e9]" name="feature" class="cucumber.api.testng.AbstractTestNGCucumberTests"/>
      </group> <!-- cucumber -->
    </groups>
    <test started-at="2021-10-03T17:16:29 IST" name="Valiadting the user Login" finished-at="2021-10-03T17:17:07 IST" duration-ms="38135">
      <class name="cucumberOptions.TestRunner">
        <test-method is-config="true" signature="setUpClass()[pri:0, instance:cucumberOptions.TestRunner@4c60d6e9]" started-at="2021-10-03T17:16:29 IST" name="setUpClass" finished-at="2021-10-03T17:16:29 IST" duration-ms="530" status="PASS">
          <reporter-output>
          </reporter-output>
        </test-method> <!-- setUpClass -->
        <test-method signature="feature(cucumber.api.testng.CucumberFeatureWrapper)[pri:0, instance:cucumberOptions.TestRunner@4c60d6e9]" started-at="2021-10-03T17:16:29 IST" name="feature" description="Runs Cucumber Feature" data-provider="features" finished-at="2021-10-03T17:17:07 IST" duration-ms="37346" status="PASS">
          <params>
            <param index="0">
              <value>
                <![CDATA[Login into Application 2]]>
              </value>
            </param>
          </params>
          <reporter-output>
          </reporter-output>
        </test-method> <!-- feature -->
        <test-method is-config="true" signature="tearDownClass()[pri:0, instance:cucumberOptions.TestRunner@4c60d6e9]" started-at="2021-10-03T17:17:07 IST" name="tearDownClass" finished-at="2021-10-03T17:17:07 IST" duration-ms="7" status="PASS">
          <reporter-output>
          </reporter-output>
        </test-method> <!-- tearDownClass -->
      </class> <!-- cucumberOptions.TestRunner -->
    </test> <!-- Valiadting the user Login -->
  </suite> <!-- Suite -->
</testng-results>
