<?xml version="1.0" encoding="UTF-8"?>
<testng-results ignored="0" total="1" passed="1" failed="0" skipped="0">
  <reporter-output>
  </reporter-output>
  <suite started-at="2021-10-09T17:50:57 IST" name="Surefire suite" finished-at="2021-10-09T17:51:09 IST" duration-ms="12230">
    <groups>
    </groups>
    <test started-at="2021-10-09T17:50:57 IST" name="Surefire test" finished-at="2021-10-09T17:51:09 IST" duration-ms="12230">
      <class name="Guru99.Guru99Bank.LoginTest">
        <test-method signature="verifyLogin()[pri:0, instance:Guru99.Guru99Bank.LoginTest@76b10754]" started-at="2021-10-09T17:50:57 IST" name="verifyLogin" finished-at="2021-10-09T17:51:09 IST" duration-ms="12173" status="PASS">
          <reporter-output>
          </reporter-output>
        </test-method> <!-- verifyLogin -->
      </class> <!-- Guru99.Guru99Bank.LoginTest -->
    </test> <!-- Surefire test -->
  </suite> <!-- Surefire suite -->
</testng-results>
