<?xml version="1.0" encoding="UTF-8"?>
<!-- Generated by org.testng.reporters.JUnitXMLReporter -->
<testsuite ignored="0" hostname="HYD2-5CG6180PBB" failures="2" tests="2" name="Validating Tittle in the page" time="17.824" errors="0" timestamp="2021-09-21T22:53:12 IST">
  <testcase classname="academy.ValidateTittleTest" name="validateHeader" time="0.164">
    <failure type="java.lang.AssertionError" message="expected [An Academy to learn Everything about Testin] but found [AN ACADEMY TO LEARN EVERYTHING ABOUT TESTING]">
      <![CDATA[java.lang.AssertionError: expected [An Academy to learn Everything about Testin] but found [AN ACADEMY TO LEARN EVERYTHING ABOUT TESTING]
at academy.ValidateTittleTest.validateHeader(ValidateTittleTest.java:51)
at java.base/java.util.ArrayList.forEach(ArrayList.java:1507)
... Removed 37 stack frames]]>
    </failure>
  </testcase> <!-- validateHeader -->
  <testcase classname="academy.ValidateTittleTest" name="validateTittle" time="8.117">
    <failure type="java.lang.AssertionError" message="expected [FEATURED COURSES44] but found [FEATURED COURSES]">
      <![CDATA[java.lang.AssertionError: expected [FEATURED COURSES44] but found [FEATURED COURSES]
at academy.ValidateTittleTest.validateTittle(ValidateTittleTest.java:43)
at java.base/java.util.ArrayList.forEach(ArrayList.java:1507)
... Removed 37 stack frames]]>
    </failure>
  </testcase> <!-- validateTittle -->
</testsuite> <!-- Validating Tittle in the page -->
