<?xml version="1.0" encoding="UTF-8"?>
<!-- Generated by org.testng.reporters.JUnitXMLReporter -->
<testsuite ignored="0" hostname="HYD2-5CG6180PBB" failures="0" tests="5" name="Default test" time="0.131" errors="0" timestamp="2021-07-06T16:13:47 IST">
  <testcase classname="TestNG.Start3" name="mobileLogOutCarLoan" time="0.02"/>
  <testcase classname="TestNG.Start3" name="webLoginCarLoan" time="0.006"/>
  <testcase classname="TestNG.Start3" name="mobileAmountCarLoan" time="0.003"/>
  <testcase classname="TestNG.Start3" name="mobileLoginCarLoan" time="0.006"/>
  <testcase classname="TestNG.Start3" name="APICarLoan" time="0.002"/>
</testsuite> <!-- Default test -->
