<?xml version="1.0" encoding="UTF-8"?>
<!-- Generated by org.testng.reporters.JUnitXMLReporter -->
<testsuite ignored="0" hostname="HYD2-5CG6180PBB" failures="0" tests="11" name="Test" time="0.157" errors="0" timestamp="2021-07-06T16:12:03 IST">
  <testcase classname="TestNG.Start" name="base" time="0.011"/>
  <testcase classname="TestNG.Start" name="demo" time="0.003"/>
  <testcase classname="TestNG.Start2" name="starter" time="0.008"/>
  <testcase classname="TestNG.Start3" name="APICarLoan" time="0.003"/>
  <testcase classname="TestNG.Start3" name="mobileAmountCarLoan" time="0.004"/>
  <testcase classname="TestNG.Start3" name="mobileLogOutCarLoan" time="0.003"/>
  <testcase classname="TestNG.Start3" name="mobileLoginCarLoan" time="0.002"/>
  <testcase classname="TestNG.Start3" name="webLoginCarLoan" time="0.003"/>
  <testcase classname="TestNG.Start4" name="LoginAPIHomeLoan" time="0.002"/>
  <testcase classname="TestNG.Start4" name="mobileLoginHomeLoan" time="0.003"/>
  <testcase classname="TestNG.Start4" name="webLoginHomeLoan" time="0.003"/>
</testsuite> <!-- Test -->
