<?xml version="1.0" encoding="UTF-8"?>
<testsuite xmlns:xsi="http://www.w3.org/2001/XMLSchema-instance" xsi:noNamespaceSchemaLocation="https://maven.apache.org/surefire/maven-surefire-plugin/xsd/surefire-test-report.xsd" name="guru99.Ecommerce.Day1Test" time="24.102" tests="1" errors="0" skipped="0" failures="1">
  <properties>
[...]
</properties>
  <testcase name="testcase1" classname="guru99.Ecommerce.Day1Test" time="0.034">
    <failure message="expected [THIS IS DEMO SITE] but found [Home page]" type="java.lang.AssertionError">java.lang.AssertionError: expected [THIS IS DEMO SITE] but found [Home page]
	at guru99.Ecommerce.Day1Test.testcase1(Day1Test.java:46)
</failure>
    <system-err><![CDATA[1634413322054	geckodriver	INFO	Listening on 127.0.0.1:38039
1634413323232	mozrunner::runner	INFO	Running command: "C:\\Program Files\\Mozilla Firefox\\firefox.exe" "--marionette" "-no-remote" "-profile" "C:\\Users\\guplokes\\AppData\\Local\\Temp\\rust_mozprofiletBqnnO"
1634413327294	Marionette	INFO	Marionette enabled
console.warn: SearchSettings: "get: No settings file exists, new profile?" (new NotFoundError("Could not open the file at C:\\Users\\guplokes\\AppData\\Local\\Temp\\rust_mozprofiletBqnnO\\search.json.mozlz4", (void 0)))
JavaScript error: resource://gre/modules/TelemetryUtils.jsm, line 154: TypeError: date is undefined
1634413334322	Marionette	INFO	Listening on port 51569
1634413334895	RemoteAgent	WARN	TLS certificate errors will be ignored for this session
Oct 17, 2021 1:12:14 AM org.openqa.selenium.remote.ProtocolHandshake createSession
INFO: Detected dialect: W3C
]]></system-err>
  </testcase>
</testsuite>